2020-09-17 19:30:51.448 [main] INFO  MainPageTest - Negative case for SendMessage field
2020-09-17 19:31:46.639 [main] INFO  MainPageTest - Negative case for Email field
2020-09-17 19:32:31.522 [main] INFO  MainPageTest - Positive cases for SendMessage field
2020-09-17 19:33:05.939 [main] INFO  MainPageTest - Positive cases for SendMessage field
2020-09-17 19:33:27.089 [main] INFO  MainPageTest - Positive cases for SendMessage field
2020-09-17 19:33:55.488 [main] INFO  MainPageTest - Positive cases for SendMessage field
2020-09-17 19:34:16.109 [main] INFO  MainPageTest - Positive cases for SendMessage field
2020-09-17 19:34:36.741 [main] INFO  MainPageTest - Positive cases for SendMessage field
2020-09-17 19:34:59.018 [main] INFO  MainPageTest - Positive cases for SendMessage field
2020-09-17 19:35:15.938 [main] INFO  MainPageTest - Negative Case for Username field
2020-09-17 19:35:35.176 [main] INFO  MainPageTest - Positive cases for each field
2020-09-17 19:35:48.289 [main] INFO  MainPageTest - Main page load test
2020-09-17 19:35:59.119 [main] INFO  MainPageTest - Positive cases Username field
2020-09-17 19:36:19.884 [main] INFO  MainPageTest - Positive cases Username field
2020-09-17 19:36:38.660 [main] INFO  MainPageTest - Positive cases Username field
2020-09-17 19:36:54.741 [main] INFO  MainPageTest - Positive cases Username field
2020-09-17 19:37:16.789 [main] INFO  MainPageTest - Positive cases Username field
2020-09-17 19:37:28.740 [main] INFO  MainPageTest - Positive cases Username field
2020-09-17 19:37:41.468 [main] INFO  MainPageTest - Positive cases Username field
2020-09-17 19:37:58.789 [main] INFO  MainPageTest - Negative cases for Email field
2020-09-17 19:38:08.659 [main] INFO  MainPageTest - Negative cases for Email field
2020-09-17 19:38:23.389 [main] INFO  MainPageTest - Negative cases for Email field
2020-09-17 19:38:33.574 [main] INFO  MainPageTest - Negative cases for Email field
2020-09-17 19:38:47.084 [main] INFO  MainPageTest - Negative cases for Email field
2020-09-17 19:38:53.466 [main] INFO  MainPageTest - Negative cases for Email field
2020-09-17 19:39:03.381 [main] INFO  MainPageTest - Negative cases for Email field
